-------------------------------------------------------------------------------
Test set: gestionRestaurante.Restaurante.nuevoRegistroTest
-------------------------------------------------------------------------------
Tests run: 1, Failures: 1, Errors: 0, Skipped: 0, Time elapsed: 0.2 s <<< FAILURE! - in gestionRestaurante.Restaurante.nuevoRegistroTest
nrTest  Time elapsed: 0.194 s  <<< FAILURE!
org.opentest4j.AssertionFailedError: expected: <true> but was: <false>
	at gestionRestaurante.Restaurante.nuevoRegistroTest.nrTest(nuevoRegistroTest.java:20)

