<?xml version="1.0" encoding="UTF-8"?>
<testsuite xmlns:xsi="http://www.w3.org/2001/XMLSchema-instance" xsi:noNamespaceSchemaLocation="https://maven.apache.org/surefire/maven-surefire-plugin/xsd/surefire-test-report.xsd" name="gestionRestaurante.Restaurante.casesTest" time="0.87" tests="3" errors="0" skipped="0" failures="0">
  <properties>
[...]
</properties>
  <testcase name="nuevoClienteTest" classname="gestionRestaurante.Restaurante.casesTest" time="0.684"/>
  <testcase name="connectionTest" classname="gestionRestaurante.Restaurante.casesTest" time="0.046"/>
  <testcase name="nuevoRegistroTest" classname="gestionRestaurante.Restaurante.casesTest" time="0.064"/>
</testsuite>